direita
baixo
baixo
direita
direita
baixo
direita
direita
Cima
Cima
direita
Cima

voltando cima

voltando direita
esquerda
Cima
esquerda

voltando esquerda

voltando cima

voltando esquerda

voltando cima

voltando cima
direita
baixo
baixo
baixo
voltando baixo

voltando baixo

voltando baixo

voltando direita

voltando direita
baixo
baixo
baixo
direita
direita
voltando direita

voltando direita

voltando baixo
esquerda
esquerda
esquerda
Cima
Cima

voltando cima

voltando cima

voltando esquerda

voltando esquerda

voltando esquerda

voltando baixo

voltando baixo

voltando direita

voltando baixo

voltando direita

voltando direita
baixo
baixo
baixo
direita
direita
direita
Cima
Cima
direita
Cima
Cima
direita
Cima

voltando cima

voltando direita
esquerda
Cima
esquerda

voltando esquerda

voltando cima

voltando esquerda

voltando cima

voltando cima
direita
baixo
baixo
baixo
voltando baixo

voltando baixo

voltando baixo

voltando direita

voltando direita
esquerda
Cima
esquerda

voltando esquerda

voltando cima

voltando esquerda

voltando cima

voltando cima
baixo
direita
direita
voltando direita

voltando direita

voltando baixo

voltando direita

voltando direita

voltando direita

voltando baixo

voltando baixo

voltando baixo
esquerda

voltando esquerda

voltando baixo

voltando baixo

voltando direita

4